<?xml version="1.0" encoding="UTF-8"?>
<!-- Generated by org.testng.reporters.JUnitReportReporter -->
<testsuite hostname="LAPTOP-NCQQ5R46" failures="0" tests="1" name="MyRunner.TestRunner" time="40.769" errors="0" timestamp="29 Oca 2022 23:56:16 GMT" skipped="0">
  <testcase classname="MyRunner.TestRunner" name="feature" time="40.769"/>
</testsuite> <!-- MyRunner.TestRunner -->
